0 info it worked if it ends with ok
1 verbose cli [ '/usr/bin/nodejs', '/usr/bin/npm', 'run', 'test' ]
2 info using npm@4.1.2
3 info using node@v6.3.1
4 verbose run-script [ 'pretest', 'test', 'posttest' ]
5 info lifecycle pluralsight-redux-starter@1.0.0~pretest: pluralsight-redux-starter@1.0.0
6 silly lifecycle pluralsight-redux-starter@1.0.0~pretest: no script for pretest, continuing
7 info lifecycle pluralsight-redux-starter@1.0.0~test: pluralsight-redux-starter@1.0.0
8 verbose lifecycle pluralsight-redux-starter@1.0.0~test: unsafe-perm in lifecycle true
9 verbose lifecycle pluralsight-redux-starter@1.0.0~test: PATH: /usr/lib/node_modules/npm/bin/node-gyp-bin:/home/jake/Coding/react/React-Demo/node_modules/.bin:/usr/local/sbin:/usr/local/bin:/usr/sbin:/usr/bin:/sbin:/bin:/usr/games:/usr/local/games:/usr/lib/jvm/java-8-oracle/bin:/usr/lib/jvm/java-8-oracle/db/bin:/usr/lib/jvm/java-8-oracle/jre/bin:/usr/lib/jvm/java-8-oracle/bin:/usr/lib/jvm/java-8-oracle/db/bin:/usr/lib/jvm/java-8-oracle/jre/bin
10 verbose lifecycle pluralsight-redux-starter@1.0.0~test: CWD: /home/jake/Coding/react/React-Demo
11 silly lifecycle pluralsight-redux-starter@1.0.0~test: Args: [ '-c',
11 silly lifecycle   'mocha --reporter spec tools/testSetup.js "src/**/*.test.js"' ]
12 silly lifecycle pluralsight-redux-starter@1.0.0~test: Returned: code: 2  signal: null
13 info lifecycle pluralsight-redux-starter@1.0.0~test: Failed to exec test script
14 verbose stack Error: pluralsight-redux-starter@1.0.0 test: `mocha --reporter spec tools/testSetup.js "src/**/*.test.js"`
14 verbose stack Exit status 2
14 verbose stack     at EventEmitter.<anonymous> (/usr/lib/node_modules/npm/lib/utils/lifecycle.js:279:16)
14 verbose stack     at emitTwo (events.js:106:13)
14 verbose stack     at EventEmitter.emit (events.js:191:7)
14 verbose stack     at ChildProcess.<anonymous> (/usr/lib/node_modules/npm/lib/utils/spawn.js:40:14)
14 verbose stack     at emitTwo (events.js:106:13)
14 verbose stack     at ChildProcess.emit (events.js:191:7)
14 verbose stack     at maybeClose (internal/child_process.js:852:16)
14 verbose stack     at Process.ChildProcess._handle.onexit (internal/child_process.js:215:5)
15 verbose pkgid pluralsight-redux-starter@1.0.0
16 verbose cwd /home/jake/Coding/react/React-Demo
17 error Linux 4.2.0-42-generic
18 error argv "/usr/bin/nodejs" "/usr/bin/npm" "run" "test"
19 error node v6.3.1
20 error npm  v4.1.2
21 error code ELIFECYCLE
22 error pluralsight-redux-starter@1.0.0 test: `mocha --reporter spec tools/testSetup.js "src/**/*.test.js"`
22 error Exit status 2
23 error Failed at the pluralsight-redux-starter@1.0.0 test script 'mocha --reporter spec tools/testSetup.js "src/**/*.test.js"'.
23 error Make sure you have the latest version of node.js and npm installed.
23 error If you do, this is most likely a problem with the pluralsight-redux-starter package,
23 error not with npm itself.
23 error Tell the author that this fails on your system:
23 error     mocha --reporter spec tools/testSetup.js "src/**/*.test.js"
23 error You can get information on how to open an issue for this project with:
23 error     npm bugs pluralsight-redux-starter
23 error Or if that isn't available, you can get their info via:
23 error     npm owner ls pluralsight-redux-starter
23 error There is likely additional logging output above.
24 verbose exit [ 1, true ]
